# JRE version: Java(TM) SE Runtime Environment (8.0_65-b17) (build 1.8.0_65-b17)
# Java VM: Java HotSpot(TM) 64-Bit Server VM (25.65-b01 mixed mode windows-amd64 compressed oops)
Heap:
 PSYoungGen      total 332288K, used 256K [0x00000000ead80000, 0x0000000100000000, 0x0000000100000000)
  eden space 318976K, 0% used [0x00000000ead80000,0x00000000ead80000,0x00000000fe500000)
  from space 13312K, 1% used [0x00000000ff300000,0x00000000ff340000,0x0000000100000000)
  to   space 13824K, 0% used [0x00000000fe500000,0x00000000fe500000,0x00000000ff280000)
 ParOldGen       total 226816K, used 226329K [0x00000000c0800000, 0x00000000ce580000, 0x00000000ead80000)
  object space 226816K, 99% used [0x00000000c0800000,0x00000000ce5066e8,0x00000000ce580000)
 Metaspace       used 5277K, capacity 6412K, committed 6528K, reserved 1056768K
  class space    used 532K, capacity 584K, committed 640K, reserved 1048576K
GC Heap History (10 events):
Event: 4375.299 GC heap after
Heap after GC invocations=6588 (full 4):
 PSYoungGen      total 333312K, used 3680K [0x00000000ead80000, 0x0000000100000000, 0x0000000100000000)
  eden space 321024K, 0% used [0x00000000ead80000,0x00000000ead80000,0x00000000fe700000)
  from space 12288K, 29% used [0x00000000ff400000,0x00000000ff798000,0x0000000100000000)
  to   space 12800K, 0% used [0x00000000fe700000,0x00000000fe700000,0x00000000ff380000)
 ParOldGen       total 226816K, used 222769K [0x00000000c0800000, 0x00000000ce580000, 0x00000000ead80000)
  object space 226816K, 98% used [0x00000000c0800000,0x00000000ce18c6e8,0x00000000ce580000)
 Metaspace       used 5277K, capacity 6412K, committed 6528K, reserved 1056768K
  class space    used 532K, capacity 584K, committed 640K, reserved 1048576K
}
Event: 4383.271 GC heap before
{Heap before GC invocations=6589 (full 4):
 PSYoungGen      total 333312K, used 324704K [0x00000000ead80000, 0x0000000100000000, 0x0000000100000000)
  eden space 321024K, 100% used [0x00000000ead80000,0x00000000fe700000,0x00000000fe700000)
  from space 12288K, 29% used [0x00000000ff400000,0x00000000ff798000,0x0000000100000000)
  to   space 12800K, 0% used [0x00000000fe700000,0x00000000fe700000,0x00000000ff380000)
 ParOldGen       total 226816K, used 222769K [0x00000000c0800000, 0x00000000ce580000, 0x00000000ead80000)
  object space 226816K, 98% used [0x00000000c0800000,0x00000000ce18c6e8,0x00000000ce580000)
 Metaspace       used 5277K, capacity 6412K, committed 6528K, reserved 1056768K
  class space    used 532K, capacity 584K, committed 640K, reserved 1048576K
Event: 4383.280 GC heap after
Heap after GC invocations=6589 (full 4):
 PSYoungGen      total 333824K, used 3040K [0x00000000ead80000, 0x0000000100000000, 0x0000000100000000)
  eden space 321024K, 0% used [0x00000000ead80000,0x00000000ead80000,0x00000000fe700000)
  from space 12800K, 23% used [0x00000000fe700000,0x00000000fe9f8000,0x00000000ff380000)
  to   space 12800K, 0% used [0x00000000ff380000,0x00000000ff380000,0x0000000100000000)
 ParOldGen       total 226816K, used 223457K [0x00000000c0800000, 0x00000000ce580000, 0x00000000ead80000)
  object space 226816K, 98% used [0x00000000c0800000,0x00000000ce2386e8,0x00000000ce580000)
 Metaspace       used 5277K, capacity 6412K, committed 6528K, reserved 1056768K
  class space    used 532K, capacity 584K, committed 640K, reserved 1048576K
}
Event: 4390.943 GC heap before
{Heap before GC invocations=6590 (full 4):
 PSYoungGen      total 333824K, used 324064K [0x00000000ead80000, 0x0000000100000000, 0x0000000100000000)
  eden space 321024K, 100% used [0x00000000ead80000,0x00000000fe700000,0x00000000fe700000)
  from space 12800K, 23% used [0x00000000fe700000,0x00000000fe9f8000,0x00000000ff380000)
  to   space 12800K, 0% used [0x00000000ff380000,0x00000000ff380000,0x0000000100000000)
 ParOldGen       total 226816K, used 223457K [0x00000000c0800000, 0x00000000ce580000, 0x00000000ead80000)
  object space 226816K, 98% used [0x00000000c0800000,0x00000000ce2386e8,0x00000000ce580000)
 Metaspace       used 5277K, capacity 6412K, committed 6528K, reserved 1056768K
  class space    used 532K, capacity 584K, committed 640K, reserved 1048576K
Event: 4390.950 GC heap after
Heap after GC invocations=6590 (full 4):
 PSYoungGen      total 332800K, used 2176K [0x00000000ead80000, 0x0000000100000000, 0x0000000100000000)
  eden space 320000K, 0% used [0x00000000ead80000,0x00000000ead80000,0x00000000fe600000)
  from space 12800K, 17% used [0x00000000ff380000,0x00000000ff5a0000,0x0000000100000000)
  to   space 13312K, 0% used [0x00000000fe600000,0x00000000fe600000,0x00000000ff300000)
 ParOldGen       total 226816K, used 224329K [0x00000000c0800000, 0x00000000ce580000, 0x00000000ead80000)
  object space 226816K, 98% used [0x00000000c0800000,0x00000000ce3126e8,0x00000000ce580000)
 Metaspace       used 5277K, capacity 6412K, committed 6528K, reserved 1056768K
  class space    used 532K, capacity 584K, committed 640K, reserved 1048576K
}
Event: 4398.653 GC heap before
{Heap before GC invocations=6591 (full 4):
 PSYoungGen      total 332800K, used 322176K [0x00000000ead80000, 0x0000000100000000, 0x0000000100000000)
  eden space 320000K, 100% used [0x00000000ead80000,0x00000000fe600000,0x00000000fe600000)
  from space 12800K, 17% used [0x00000000ff380000,0x00000000ff5a0000,0x0000000100000000)
  to   space 13312K, 0% used [0x00000000fe600000,0x00000000fe600000,0x00000000ff300000)
 ParOldGen       total 226816K, used 224329K [0x00000000c0800000, 0x00000000ce580000, 0x00000000ead80000)
  object space 226816K, 98% used [0x00000000c0800000,0x00000000ce3126e8,0x00000000ce580000)
 Metaspace       used 5277K, capacity 6412K, committed 6528K, reserved 1056768K
  class space    used 532K, capacity 584K, committed 640K, reserved 1048576K
Event: 4398.659 GC heap after
Heap after GC invocations=6591 (full 4):
 PSYoungGen      total 333312K, used 1152K [0x00000000ead80000, 0x0000000100000000, 0x0000000100000000)
  eden space 320000K, 0% used [0x00000000ead80000,0x00000000ead80000,0x00000000fe600000)
  from space 13312K, 8% used [0x00000000fe600000,0x00000000fe720000,0x00000000ff300000)
  to   space 13312K, 0% used [0x00000000ff300000,0x00000000ff300000,0x0000000100000000)
 ParOldGen       total 226816K, used 225385K [0x00000000c0800000, 0x00000000ce580000, 0x00000000ead80000)
  object space 226816K, 99% used [0x00000000c0800000,0x00000000ce41a6e8,0x00000000ce580000)
 Metaspace       used 5277K, capacity 6412K, committed 6528K, reserved 1056768K
  class space    used 532K, capacity 584K, committed 640K, reserved 1048576K
}
Event: 4406.131 GC heap before
{Heap before GC invocations=6592 (full 4):
 PSYoungGen      total 333312K, used 321152K [0x00000000ead80000, 0x0000000100000000, 0x0000000100000000)
  eden space 320000K, 100% used [0x00000000ead80000,0x00000000fe600000,0x00000000fe600000)
  from space 13312K, 8% used [0x00000000fe600000,0x00000000fe720000,0x00000000ff300000)
  to   space 13312K, 0% used [0x00000000ff300000,0x00000000ff300000,0x0000000100000000)
 ParOldGen       total 226816K, used 225385K [0x00000000c0800000, 0x00000000ce580000, 0x00000000ead80000)
  object space 226816K, 99% used [0x00000000c0800000,0x00000000ce41a6e8,0x00000000ce580000)
 Metaspace       used 5277K, capacity 6412K, committed 6528K, reserved 1056768K
  class space    used 532K, capacity 584K, committed 640K, reserved 1048576K
Event: 4406.135 GC heap after
Heap after GC invocations=6592 (full 4):
 PSYoungGen      total 332288K, used 256K [0x00000000ead80000, 0x0000000100000000, 0x0000000100000000)
  eden space 318976K, 0% used [0x00000000ead80000,0x00000000ead80000,0x00000000fe500000)
  from space 13312K, 1% used [0x00000000ff300000,0x00000000ff340000,0x0000000100000000)
  to   space 13824K, 0% used [0x00000000fe500000,0x00000000fe500000,0x00000000ff280000)
 ParOldGen       total 226816K, used 226329K [0x00000000c0800000, 0x00000000ce580000, 0x00000000ead80000)
  object space 226816K, 99% used [0x00000000c0800000,0x00000000ce5066e8,0x00000000ce580000)
 Metaspace       used 5277K, capacity 6412K, committed 6528K, reserved 1056768K
  class space    used 532K, capacity 584K, committed 640K, reserved 1048576K
}
Event: 4406.135 GC heap before
{Heap before GC invocations=6593 (full 5):
 PSYoungGen      total 332288K, used 256K [0x00000000ead80000, 0x0000000100000000, 0x0000000100000000)
  eden space 318976K, 0% used [0x00000000ead80000,0x00000000ead80000,0x00000000fe500000)
  from space 13312K, 1% used [0x00000000ff300000,0x00000000ff340000,0x0000000100000000)
  to   space 13824K, 0% used [0x00000000fe500000,0x00000000fe500000,0x00000000ff280000)
 ParOldGen       total 226816K, used 226329K [0x00000000c0800000, 0x00000000ce580000, 0x00000000ead80000)
  object space 226816K, 99% used [0x00000000c0800000,0x00000000ce5066e8,0x00000000ce580000)
 Metaspace       used 5277K, capacity 6412K, committed 6528K, reserved 1056768K
  class space    used 532K, capacity 584K, committed 640K, reserved 1048576K

